<?xml version="1.0" encoding="UTF-8"?>
<testng-results skipped="0" failed="0" total="6" passed="6">
  <reporter-output>
  </reporter-output>
  <suite name="duckModule" duration-ms="12519" started-at="2020-04-17T04:38:38Z" finished-at="2020-04-17T04:38:51Z">
    <groups>
    </groups>
    <test name="searchModule-1" duration-ms="4920" started-at="2020-04-17T04:38:38Z" finished-at="2020-04-17T04:38:43Z">
      <class name="com.searchModule.test.searchTest">
        <test-method status="PASS" signature="begin(org.testng.ITestContext)[pri:0, instance:com.searchModule.test.searchTest@77e9807f]" name="begin" is-config="true" duration-ms="1708" started-at="2020-04-17T00:38:38Z" finished-at="2020-04-17T00:38:40Z">
          <params>
            <param index="0">
              <value>
                <![CDATA[org.testng.TestRunner@1a760689]]>
              </value>
            </param>
          </params>
          <reporter-output>
          </reporter-output>
        </test-method> <!-- begin -->
        <test-method status="PASS" signature="initialize(java.lang.String)[pri:0, instance:com.searchModule.test.searchTest@77e9807f]" name="initialize" duration-ms="4" started-at="2020-04-17T00:38:40Z" finished-at="2020-04-17T00:38:40Z">
          <params>
            <param index="0">
              <value>
                <![CDATA[java]]>
              </value>
            </param>
          </params>
          <reporter-output>
          </reporter-output>
        </test-method> <!-- initialize -->
        <test-method status="PASS" signature="search()[pri:0, instance:com.searchModule.test.searchTest@77e9807f]" name="search" duration-ms="3136" started-at="2020-04-17T00:38:40Z" depends-on-methods="com.searchModule.test.searchTest.initialize" finished-at="2020-04-17T00:38:43Z">
          <reporter-output>
          </reporter-output>
        </test-method> <!-- search -->
        <test-method status="PASS" signature="tearDown()[pri:0, instance:com.searchModule.test.searchTest@77e9807f]" name="tearDown" is-config="true" duration-ms="63" started-at="2020-04-17T00:38:43Z" finished-at="2020-04-17T00:38:43Z">
          <reporter-output>
          </reporter-output>
        </test-method> <!-- tearDown -->
      </class> <!-- com.searchModule.test.searchTest -->
    </test> <!-- searchModule-1 -->
    <test name="searchModule-2" duration-ms="4863" started-at="2020-04-17T04:38:43Z" finished-at="2020-04-17T04:38:48Z">
      <class name="com.searchModule.test.searchTest">
        <test-method status="PASS" signature="begin(org.testng.ITestContext)[pri:0, instance:com.searchModule.test.searchTest@2890c451]" name="begin" is-config="true" duration-ms="624" started-at="2020-04-17T00:38:43Z" finished-at="2020-04-17T00:38:44Z">
          <params>
            <param index="0">
              <value>
                <![CDATA[org.testng.TestRunner@7241a47d]]>
              </value>
            </param>
          </params>
          <reporter-output>
          </reporter-output>
        </test-method> <!-- begin -->
        <test-method status="PASS" signature="initialize(java.lang.String)[pri:0, instance:com.searchModule.test.searchTest@2890c451]" name="initialize" duration-ms="1" started-at="2020-04-17T00:38:44Z" finished-at="2020-04-17T00:38:44Z">
          <params>
            <param index="0">
              <value>
                <![CDATA[Python]]>
              </value>
            </param>
          </params>
          <reporter-output>
          </reporter-output>
        </test-method> <!-- initialize -->
        <test-method status="PASS" signature="search()[pri:0, instance:com.searchModule.test.searchTest@2890c451]" name="search" duration-ms="4168" started-at="2020-04-17T00:38:44Z" depends-on-methods="com.searchModule.test.searchTest.initialize" finished-at="2020-04-17T00:38:48Z">
          <reporter-output>
          </reporter-output>
        </test-method> <!-- search -->
        <test-method status="PASS" signature="tearDown()[pri:0, instance:com.searchModule.test.searchTest@2890c451]" name="tearDown" is-config="true" duration-ms="67" started-at="2020-04-17T00:38:48Z" finished-at="2020-04-17T00:38:48Z">
          <reporter-output>
          </reporter-output>
        </test-method> <!-- tearDown -->
      </class> <!-- com.searchModule.test.searchTest -->
    </test> <!-- searchModule-2 -->
    <test name="uploadModule-3" duration-ms="2595" started-at="2020-04-17T04:38:48Z" finished-at="2020-04-17T04:38:51Z">
      <class name="com.searchModule.test.uploadTest">
        <test-method status="PASS" signature="begin(org.testng.ITestContext)[pri:0, instance:com.searchModule.test.uploadTest@5b0abc94]" name="begin" is-config="true" duration-ms="615" started-at="2020-04-17T00:38:48Z" finished-at="2020-04-17T00:38:49Z">
          <params>
            <param index="0">
              <value>
                <![CDATA[org.testng.TestRunner@70f59913]]>
              </value>
            </param>
          </params>
          <reporter-output>
          </reporter-output>
        </test-method> <!-- begin -->
        <test-method status="PASS" signature="initialize(java.lang.String)[pri:0, instance:com.searchModule.test.uploadTest@5b0abc94]" name="initialize" duration-ms="0" started-at="2020-04-17T00:38:49Z" finished-at="2020-04-17T00:38:49Z">
          <params>
            <param index="0">
              <value>
                <![CDATA[Screen Shot 2020-03-18 at 4.32.13 PM.png]]>
              </value>
            </param>
          </params>
          <reporter-output>
          </reporter-output>
        </test-method> <!-- initialize -->
        <test-method status="PASS" signature="upload()[pri:0, instance:com.searchModule.test.uploadTest@5b0abc94]" name="upload" duration-ms="1914" started-at="2020-04-17T00:38:49Z" depends-on-methods="com.searchModule.test.uploadTest.initialize" finished-at="2020-04-17T00:38:51Z">
          <reporter-output>
          </reporter-output>
        </test-method> <!-- upload -->
        <test-method status="PASS" signature="tearDown()[pri:0, instance:com.searchModule.test.uploadTest@5b0abc94]" name="tearDown" is-config="true" duration-ms="62" started-at="2020-04-17T00:38:51Z" finished-at="2020-04-17T00:38:51Z">
          <reporter-output>
          </reporter-output>
        </test-method> <!-- tearDown -->
      </class> <!-- com.searchModule.test.uploadTest -->
    </test> <!-- uploadModule-3 -->
  </suite> <!-- duckModule -->
</testng-results>
