<?xml version="1.0" encoding="UTF-8"?>
<testng-results skipped="0" failed="0" total="2" passed="2">
  <reporter-output>
  </reporter-output>
  <suite name="Default suite" duration-ms="3028" started-at="2020-04-17T01:28:47Z" finished-at="2020-04-17T01:28:50Z">
    <groups>
    </groups>
    <test name="Default test" duration-ms="3028" started-at="2020-04-17T01:28:47Z" finished-at="2020-04-17T01:28:50Z">
      <class name="com.searchModule.test.uploadTest">
        <test-method status="PASS" signature="begin(org.testng.ITestContext)[pri:0, instance:com.searchModule.test.uploadTest@77e9807f]" name="begin" is-config="true" duration-ms="986" started-at="2020-04-16T21:28:47Z" finished-at="2020-04-16T21:28:48Z">
          <params>
            <param index="0">
              <value>
                <![CDATA[org.testng.TestRunner@1a72a540]]>
              </value>
            </param>
          </params>
          <reporter-output>
          </reporter-output>
        </test-method> <!-- begin -->
        <test-method status="PASS" signature="initialize(java.lang.String)[pri:0, instance:com.searchModule.test.uploadTest@77e9807f]" name="initialize" duration-ms="7" started-at="2020-04-16T21:28:48Z" finished-at="2020-04-16T21:28:48Z">
          <params>
            <param index="0">
              <value>
                <![CDATA[Screen Shot 2020-03-18 at 4.32.13 PM.png]]>
              </value>
            </param>
          </params>
          <reporter-output>
          </reporter-output>
        </test-method> <!-- initialize -->
        <test-method status="PASS" signature="upload()[pri:0, instance:com.searchModule.test.uploadTest@77e9807f]" name="upload" duration-ms="1954" started-at="2020-04-16T21:28:48Z" depends-on-methods="com.searchModule.test.uploadTest.initialize" finished-at="2020-04-16T21:28:50Z">
          <reporter-output>
          </reporter-output>
        </test-method> <!-- upload -->
        <test-method status="PASS" signature="tearDown()[pri:0, instance:com.searchModule.test.uploadTest@77e9807f]" name="tearDown" is-config="true" duration-ms="68" started-at="2020-04-16T21:28:50Z" finished-at="2020-04-16T21:28:50Z">
          <reporter-output>
          </reporter-output>
        </test-method> <!-- tearDown -->
      </class> <!-- com.searchModule.test.uploadTest -->
    </test> <!-- Default test -->
  </suite> <!-- Default suite -->
</testng-results>
